[0313/192210.067:ERROR:display_layout.cc(562)] PlacementList must be sorted by first 8 bits of display_id 
[0313/214654.812:ERROR:display_layout.cc(562)] PlacementList must be sorted by first 8 bits of display_id 
[0313/215333.173:ERROR:display_layout.cc(562)] PlacementList must be sorted by first 8 bits of display_id 
[0313/215358.296:ERROR:display_layout.cc(562)] PlacementList must be sorted by first 8 bits of display_id 
[0313/215429.459:ERROR:display_layout.cc(562)] PlacementList must be sorted by first 8 bits of display_id 
[0313/215547.271:ERROR:display_layout.cc(562)] PlacementList must be sorted by first 8 bits of display_id 
[0313/215947.289:ERROR:batching_media_log.cc(38)] MediaEvent: {"error":"FFmpegDemuxer: no supported streams"}
[0313/215947.290:ERROR:batching_media_log.cc(35)] MediaEvent: {"pipeline_error":14}
[0313/215948.805:ERROR:batching_media_log.cc(38)] MediaEvent: {"error":"FFmpegDemuxer: no supported streams"}
[0313/215948.805:ERROR:batching_media_log.cc(35)] MediaEvent: {"pipeline_error":14}
[0313/215948.840:WARNING:spdy_session.cc(3365)] Received HEADERS for invalid stream 133
[0313/215954.408:ERROR:display_layout.cc(562)] PlacementList must be sorted by first 8 bits of display_id 
[0313/220015.138:ERROR:display_layout.cc(562)] PlacementList must be sorted by first 8 bits of display_id 
[0313/220017.908:ERROR:display_layout.cc(562)] PlacementList must be sorted by first 8 bits of display_id 
[0313/220021.159:ERROR:display_layout.cc(562)] PlacementList must be sorted by first 8 bits of display_id 
[0313/220023.729:ERROR:display_layout.cc(562)] PlacementList must be sorted by first 8 bits of display_id 
[0313/220052.146:ERROR:display_layout.cc(562)] PlacementList must be sorted by first 8 bits of display_id 
[0313/220207.798:ERROR:display_layout.cc(562)] PlacementList must be sorted by first 8 bits of display_id 
[0313/220328.086:ERROR:display_layout.cc(562)] PlacementList must be sorted by first 8 bits of display_id 
[0313/220543.798:ERROR:display_layout.cc(562)] PlacementList must be sorted by first 8 bits of display_id 
[0313/220654.587:ERROR:display_layout.cc(562)] PlacementList must be sorted by first 8 bits of display_id 
[0313/220954.568:ERROR:display_layout.cc(562)] PlacementList must be sorted by first 8 bits of display_id 
[0313/221049.342:ERROR:display_layout.cc(562)] PlacementList must be sorted by first 8 bits of display_id 
[0313/221146.790:ERROR:display_layout.cc(562)] PlacementList must be sorted by first 8 bits of display_id 
[0313/221212.383:ERROR:display_layout.cc(562)] PlacementList must be sorted by first 8 bits of display_id 
[0313/221231.054:ERROR:display_layout.cc(562)] PlacementList must be sorted by first 8 bits of display_id 
[0313/221302.970:ERROR:display_layout.cc(562)] PlacementList must be sorted by first 8 bits of display_id 
[0313/221345.744:ERROR:display_layout.cc(562)] PlacementList must be sorted by first 8 bits of display_id 
[0313/221404.093:ERROR:display_layout.cc(562)] PlacementList must be sorted by first 8 bits of display_id 
[0313/221500.455:ERROR:display_layout.cc(562)] PlacementList must be sorted by first 8 bits of display_id 
[0313/221530.631:ERROR:display_layout.cc(562)] PlacementList must be sorted by first 8 bits of display_id 
[0313/221814.051:ERROR:display_layout.cc(562)] PlacementList must be sorted by first 8 bits of display_id 
[0313/221848.522:ERROR:display_layout.cc(562)] PlacementList must be sorted by first 8 bits of display_id 
[0313/222130.255:ERROR:display_layout.cc(562)] PlacementList must be sorted by first 8 bits of display_id 
[0313/224233.820:ERROR:display_layout.cc(562)] PlacementList must be sorted by first 8 bits of display_id 
[0313/224425.043:ERROR:display_layout.cc(562)] PlacementList must be sorted by first 8 bits of display_id 
[0313/224500.083:ERROR:display_layout.cc(562)] PlacementList must be sorted by first 8 bits of display_id 
[0313/224805.935:ERROR:display_layout.cc(562)] PlacementList must be sorted by first 8 bits of display_id 
[0313/230800.349:ERROR:display_layout.cc(562)] PlacementList must be sorted by first 8 bits of display_id 
[0313/230830.561:ERROR:display_layout.cc(562)] PlacementList must be sorted by first 8 bits of display_id 
[0313/230939.715:ERROR:display_layout.cc(562)] PlacementList must be sorted by first 8 bits of display_id 
[0313/231039.963:ERROR:display_layout.cc(562)] PlacementList must be sorted by first 8 bits of display_id 
[0313/231940.818:ERROR:display_layout.cc(562)] PlacementList must be sorted by first 8 bits of display_id 
[0313/232106.753:ERROR:display_layout.cc(562)] PlacementList must be sorted by first 8 bits of display_id 
[0313/232235.531:ERROR:display_layout.cc(562)] PlacementList must be sorted by first 8 bits of display_id 
[0313/232238.486:ERROR:display_layout.cc(562)] PlacementList must be sorted by first 8 bits of display_id 
[0315/172055.895:ERROR:display_layout.cc(562)] PlacementList must be sorted by first 8 bits of display_id 
[0315/172140.672:ERROR:display_layout.cc(562)] PlacementList must be sorted by first 8 bits of display_id 
[0315/174145.163:ERROR:display_layout.cc(562)] PlacementList must be sorted by first 8 bits of display_id 
[0315/174342.171:ERROR:display_layout.cc(562)] PlacementList must be sorted by first 8 bits of display_id 
[0315/174401.826:ERROR:display_layout.cc(562)] PlacementList must be sorted by first 8 bits of display_id 
[0315/174439.331:ERROR:display_layout.cc(562)] PlacementList must be sorted by first 8 bits of display_id 
[0315/174739.609:ERROR:display_layout.cc(562)] PlacementList must be sorted by first 8 bits of display_id 
[0315/175031.575:ERROR:display_layout.cc(562)] PlacementList must be sorted by first 8 bits of display_id 
[0315/175058.992:ERROR:display_layout.cc(562)] PlacementList must be sorted by first 8 bits of display_id 
[0315/175157.818:ERROR:display_layout.cc(562)] PlacementList must be sorted by first 8 bits of display_id 
[0315/175221.166:ERROR:display_layout.cc(562)] PlacementList must be sorted by first 8 bits of display_id 
[0315/175342.013:ERROR:display_layout.cc(562)] PlacementList must be sorted by first 8 bits of display_id 
[0315/175421.781:ERROR:display_layout.cc(562)] PlacementList must be sorted by first 8 bits of display_id 
[0315/175724.666:ERROR:display_layout.cc(562)] PlacementList must be sorted by first 8 bits of display_id 
[0315/175747.476:ERROR:display_layout.cc(562)] PlacementList must be sorted by first 8 bits of display_id 
[0315/180122.649:ERROR:display_layout.cc(562)] PlacementList must be sorted by first 8 bits of display_id 
[0315/180245.613:ERROR:display_layout.cc(562)] PlacementList must be sorted by first 8 bits of display_id 
[0315/180342.851:ERROR:display_layout.cc(562)] PlacementList must be sorted by first 8 bits of display_id 
[0315/180425.986:ERROR:display_layout.cc(562)] PlacementList must be sorted by first 8 bits of display_id 
[0315/180656.374:ERROR:display_layout.cc(562)] PlacementList must be sorted by first 8 bits of display_id 
[0315/180848.661:ERROR:display_layout.cc(562)] PlacementList must be sorted by first 8 bits of display_id 
[0315/181221.085:ERROR:display_layout.cc(562)] PlacementList must be sorted by first 8 bits of display_id 
[0315/181230.026:ERROR:display_layout.cc(562)] PlacementList must be sorted by first 8 bits of display_id 
[0315/181338.752:ERROR:display_layout.cc(562)] PlacementList must be sorted by first 8 bits of display_id 
[0315/181415.832:ERROR:display_layout.cc(562)] PlacementList must be sorted by first 8 bits of display_id 
[0315/181924.772:ERROR:display_layout.cc(562)] PlacementList must be sorted by first 8 bits of display_id 
[0315/181936.421:ERROR:display_layout.cc(562)] PlacementList must be sorted by first 8 bits of display_id 
[0315/182012.854:ERROR:display_layout.cc(562)] PlacementList must be sorted by first 8 bits of display_id 
[0315/182108.591:ERROR:display_layout.cc(562)] PlacementList must be sorted by first 8 bits of display_id 
[0315/182312.169:ERROR:display_layout.cc(562)] PlacementList must be sorted by first 8 bits of display_id 
[0315/182458.367:ERROR:display_layout.cc(562)] PlacementList must be sorted by first 8 bits of display_id 
[0315/183702.643:ERROR:display_layout.cc(562)] PlacementList must be sorted by first 8 bits of display_id 
[0315/184036.445:ERROR:display_layout.cc(562)] PlacementList must be sorted by first 8 bits of display_id 
[0315/184116.297:ERROR:display_layout.cc(562)] PlacementList must be sorted by first 8 bits of display_id 
[0315/184509.050:ERROR:display_layout.cc(562)] PlacementList must be sorted by first 8 bits of display_id 
[0315/184537.135:ERROR:display_layout.cc(562)] PlacementList must be sorted by first 8 bits of display_id 
[0315/184545.198:ERROR:display_layout.cc(562)] PlacementList must be sorted by first 8 bits of display_id 
[0315/185508.340:ERROR:display_layout.cc(562)] PlacementList must be sorted by first 8 bits of display_id 
[0315/185509.594:ERROR:display_layout.cc(562)] PlacementList must be sorted by first 8 bits of display_id 
[0315/185646.907:ERROR:display_layout.cc(562)] PlacementList must be sorted by first 8 bits of display_id 
[0315/190706.398:ERROR:display_layout.cc(562)] PlacementList must be sorted by first 8 bits of display_id 
[0315/190957.368:ERROR:display_layout.cc(562)] PlacementList must be sorted by first 8 bits of display_id 
[0315/191245.091:ERROR:display_layout.cc(562)] PlacementList must be sorted by first 8 bits of display_id 
[0315/191300.730:ERROR:display_layout.cc(562)] PlacementList must be sorted by first 8 bits of display_id 
[0315/191349.030:ERROR:display_layout.cc(562)] PlacementList must be sorted by first 8 bits of display_id 
[0315/191825.018:ERROR:display_layout.cc(562)] PlacementList must be sorted by first 8 bits of display_id 
[0315/191902.851:ERROR:display_layout.cc(562)] PlacementList must be sorted by first 8 bits of display_id 
[0315/192234.194:ERROR:display_layout.cc(562)] PlacementList must be sorted by first 8 bits of display_id 
[0315/192457.873:ERROR:display_layout.cc(562)] PlacementList must be sorted by first 8 bits of display_id 
[0315/193701.404:ERROR:display_layout.cc(562)] PlacementList must be sorted by first 8 bits of display_id 
[0315/193721.476:ERROR:display_layout.cc(562)] PlacementList must be sorted by first 8 bits of display_id 
[0315/193808.137:ERROR:display_layout.cc(562)] PlacementList must be sorted by first 8 bits of display_id 
[0315/193846.847:ERROR:display_layout.cc(562)] PlacementList must be sorted by first 8 bits of display_id 
[0315/194224.492:ERROR:display_layout.cc(562)] PlacementList must be sorted by first 8 bits of display_id 
[0315/194327.211:ERROR:display_layout.cc(562)] PlacementList must be sorted by first 8 bits of display_id 
[0315/194330.742:ERROR:display_layout.cc(562)] PlacementList must be sorted by first 8 bits of display_id 
[0315/194611.782:ERROR:display_layout.cc(562)] PlacementList must be sorted by first 8 bits of display_id 
[0315/194646.233:ERROR:display_layout.cc(562)] PlacementList must be sorted by first 8 bits of display_id 
[0315/194945.630:ERROR:display_layout.cc(562)] PlacementList must be sorted by first 8 bits of display_id 
[0315/195009.171:ERROR:display_layout.cc(562)] PlacementList must be sorted by first 8 bits of display_id 
[0315/195140.991:ERROR:display_layout.cc(562)] PlacementList must be sorted by first 8 bits of display_id 
[0315/195218.044:ERROR:display_layout.cc(562)] PlacementList must be sorted by first 8 bits of display_id 
[0315/195532.470:ERROR:display_layout.cc(562)] PlacementList must be sorted by first 8 bits of display_id 
[0315/195617.965:ERROR:display_layout.cc(562)] PlacementList must be sorted by first 8 bits of display_id 
[0315/195844.143:ERROR:display_layout.cc(562)] PlacementList must be sorted by first 8 bits of display_id 
[0315/200039.801:ERROR:display_layout.cc(562)] PlacementList must be sorted by first 8 bits of display_id 
[0315/200256.305:ERROR:display_layout.cc(562)] PlacementList must be sorted by first 8 bits of display_id 
[0315/200355.612:ERROR:display_layout.cc(562)] PlacementList must be sorted by first 8 bits of display_id 
[0315/200413.716:ERROR:display_layout.cc(562)] PlacementList must be sorted by first 8 bits of display_id 
[0315/200424.942:ERROR:display_layout.cc(562)] PlacementList must be sorted by first 8 bits of display_id 
[0315/200444.087:ERROR:display_layout.cc(562)] PlacementList must be sorted by first 8 bits of display_id 
[0315/200535.152:ERROR:display_layout.cc(562)] PlacementList must be sorted by first 8 bits of display_id 
[0315/200549.992:ERROR:display_layout.cc(562)] PlacementList must be sorted by first 8 bits of display_id 
[0315/200645.241:ERROR:display_layout.cc(562)] PlacementList must be sorted by first 8 bits of display_id 
[0315/200726.556:ERROR:display_layout.cc(562)] PlacementList must be sorted by first 8 bits of display_id 
[0315/200832.049:ERROR:display_layout.cc(562)] PlacementList must be sorted by first 8 bits of display_id 
[0315/200914.489:ERROR:display_layout.cc(562)] PlacementList must be sorted by first 8 bits of display_id 
[0315/200920.650:ERROR:display_layout.cc(562)] PlacementList must be sorted by first 8 bits of display_id 
[0315/201415.926:ERROR:display_layout.cc(562)] PlacementList must be sorted by first 8 bits of display_id 
[0315/201507.367:ERROR:display_layout.cc(562)] PlacementList must be sorted by first 8 bits of display_id 
[0317/175615.872:ERROR:display_layout.cc(562)] PlacementList must be sorted by first 8 bits of display_id 
[0317/180124.862:ERROR:display_layout.cc(562)] PlacementList must be sorted by first 8 bits of display_id 
[0317/180248.074:ERROR:display_layout.cc(562)] PlacementList must be sorted by first 8 bits of display_id 
[0317/181618.979:ERROR:display_layout.cc(562)] PlacementList must be sorted by first 8 bits of display_id 
[0317/181652.452:ERROR:display_layout.cc(562)] PlacementList must be sorted by first 8 bits of display_id 
[0317/181748.451:ERROR:display_layout.cc(562)] PlacementList must be sorted by first 8 bits of display_id 
[0317/182458.572:ERROR:display_layout.cc(562)] PlacementList must be sorted by first 8 bits of display_id 
[0317/182645.201:ERROR:display_layout.cc(562)] PlacementList must be sorted by first 8 bits of display_id 
[0317/182825.304:ERROR:display_layout.cc(562)] PlacementList must be sorted by first 8 bits of display_id 
[0317/183249.015:ERROR:display_layout.cc(562)] PlacementList must be sorted by first 8 bits of display_id 
[0317/225328.608:ERROR:display_layout.cc(562)] PlacementList must be sorted by first 8 bits of display_id 
[0317/225416.114:ERROR:display_layout.cc(562)] PlacementList must be sorted by first 8 bits of display_id 
[0317/225441.445:ERROR:display_layout.cc(562)] PlacementList must be sorted by first 8 bits of display_id 
[0317/225944.362:ERROR:display_layout.cc(562)] PlacementList must be sorted by first 8 bits of display_id 
[0317/230056.827:ERROR:display_layout.cc(562)] PlacementList must be sorted by first 8 bits of display_id 
[0317/230140.346:ERROR:display_layout.cc(562)] PlacementList must be sorted by first 8 bits of display_id 
[0317/230258.297:ERROR:display_layout.cc(562)] PlacementList must be sorted by first 8 bits of display_id 
[0317/230415.049:ERROR:display_layout.cc(562)] PlacementList must be sorted by first 8 bits of display_id 
[0317/230653.810:ERROR:display_layout.cc(562)] PlacementList must be sorted by first 8 bits of display_id 
[0317/230911.067:ERROR:display_layout.cc(562)] PlacementList must be sorted by first 8 bits of display_id 
[0317/230944.216:ERROR:display_layout.cc(562)] PlacementList must be sorted by first 8 bits of display_id 
[0317/231120.964:ERROR:display_layout.cc(562)] PlacementList must be sorted by first 8 bits of display_id 
[0317/231237.498:ERROR:display_layout.cc(562)] PlacementList must be sorted by first 8 bits of display_id 
[0317/231858.527:ERROR:display_layout.cc(562)] PlacementList must be sorted by first 8 bits of display_id 
[0317/231943.315:ERROR:display_layout.cc(562)] PlacementList must be sorted by first 8 bits of display_id 
[0317/232035.645:ERROR:display_layout.cc(562)] PlacementList must be sorted by first 8 bits of display_id 
[0317/232109.945:ERROR:display_layout.cc(562)] PlacementList must be sorted by first 8 bits of display_id 
[0317/232350.462:ERROR:display_layout.cc(562)] PlacementList must be sorted by first 8 bits of display_id 
[0317/232552.039:ERROR:display_layout.cc(562)] PlacementList must be sorted by first 8 bits of display_id 
[0317/232817.533:ERROR:display_layout.cc(562)] PlacementList must be sorted by first 8 bits of display_id 
[0502/163746.833:WARNING:ipc_message_attachment_set.cc(49)] MessageAttachmentSet destroyed with unconsumed attachments: 0/1
[0504/151628.738:WARNING:gpu_process_host.cc(1230)] The GPU process has crashed 1 time(s)
[0504/151628.862:ERROR:network_service_instance_impl.cc(263)] Network service crashed, restarting service.
[0504/151629.102:WARNING:gpu_process_host.cc(972)] Reinitialized the GPU process after a crash. The reported initialization time was 192 ms
[0504/151802.070:ERROR:network_service_instance_impl.cc(263)] Network service crashed, restarting service.
[0504/151802.142:WARNING:gpu_process_host.cc(1230)] The GPU process has crashed 2 time(s)
[0504/151802.475:WARNING:gpu_process_host.cc(972)] Reinitialized the GPU process after a crash. The reported initialization time was 179 ms
[0504/183827.080:ERROR:batching_media_log.cc(38)] MediaEvent: {"error":"FFmpegDemuxer: no supported streams"}
[0504/183827.081:ERROR:batching_media_log.cc(35)] MediaEvent: {"pipeline_error":14}
[0504/183827.549:ERROR:batching_media_log.cc(38)] MediaEvent: {"error":"FFmpegDemuxer: no supported streams"}
[0504/183827.549:ERROR:batching_media_log.cc(35)] MediaEvent: {"pipeline_error":14}
[0505/155634.703:WARNING:ipc_message_attachment_set.cc(49)] MessageAttachmentSet destroyed with unconsumed attachments: 0/1
